This is pdfeTeX, Version 3.141592-1.21a-2.2 (Web2C 7.5.4) (format=pdflatex 2006.7.23)  1 SEP 2006 22:48
entering extended mode
**LedgerSMB-manual.tex
(./LedgerSMB-manual.tex
LaTeX2e <2003/12/01>
Babel <v3.8d> and hyphenation patterns for american, french, german, ngerman, b
ahasa, basque, bulgarian, catalan, croatian, czech, danish, dutch, esperanto, e
stonian, finnish, greek, icelandic, irish, italian, latin, magyar, norsk, polis
h, portuges, romanian, russian, serbian, slovak, slovene, spanish, swedish, tur
kish, ukrainian, nohyphenation, loaded.
(/usr/share/texmf/tex/latex/base/article.cls
Document Class: article 2004/02/16 v1.4f Standard LaTeX document class
(/usr/share/texmf/tex/latex/base/size10.clo
File: size10.clo 2004/02/16 v1.4f Standard LaTeX file (size option)
)
\c@part=\count79
\c@section=\count80
\c@subsection=\count81
\c@subsubsection=\count82
\c@paragraph=\count83
\c@subparagraph=\count84
\c@figure=\count85
\c@table=\count86
\abovecaptionskip=\skip41
\belowcaptionskip=\skip42
\bibindent=\dimen102
) (./metatron.sty
Package: metatron 

(/usr/share/texmf/tex/latex/url/url.sty
\Urlmuskip=\muskip10
Package: url 2004/03/15  ver 3.1  Verb mode for urls, etc.
)
(/usr/share/texmf/tex/latex/psnfss/palatino.sty
Package: palatino 2004/09/15 PSNFSS-v9.2 (SPQR) 
)
(/usr/share/texmf/tex/latex/graphics/color.sty
Package: color 1999/02/16 v1.0i Standard LaTeX Color (DPC)

(/usr/share/texmf/tex/latex/graphics/color.cfg
File: color.cfg 2005/02/03 v1.3 color configuration of teTeX/TeXLive
)
Package color Info: Driver file: pdftex.def on input line 125.

(/usr/share/texmf/tex/latex/graphics/pdftex.def
File: pdftex.def 2002/06/19 v0.03k graphics/color for pdftex
\Gread@gobject=\count87
))
(/usr/share/texmf/tex/latex/hyperref/hyperref.sty
Package: hyperref 2003/11/30 v6.74m Hypertext links for LaTeX

(/usr/share/texmf/tex/latex/graphics/keyval.sty
Package: keyval 1999/03/16 v1.13 key=value parser (DPC)
\KV@toks@=\toks14
)
\@linkdim=\dimen103
\Hy@linkcounter=\count88
\Hy@pagecounter=\count89

(/usr/share/texmf/tex/latex/hyperref/pd1enc.def
File: pd1enc.def 2003/11/30 v6.74m Hyperref: PDFDocEncoding definition (HO)
)
(/usr/share/texmf/tex/latex/hyperref/hyperref.cfg
File: hyperref.cfg 2002/06/06 v1.2 hyperref configuration of TeXLive and teTeX
)
Package hyperref Info: Option `colorlinks' set `true' on input line 1830.
Package hyperref Info: Hyper figures OFF on input line 1880.
Package hyperref Info: Link nesting OFF on input line 1885.
Package hyperref Info: Hyper index ON on input line 1888.
Package hyperref Info: Plain pages ON on input line 1893.
Package hyperref Info: Backreferencing OFF on input line 1900.

Implicit mode ON; LaTeX internals redefined
Package hyperref Info: Bookmarks ON on input line 2004.
LaTeX Info: Redefining \url on input line 2143.
\Fld@menulength=\count90
\Field@Width=\dimen104
\Fld@charsize=\dimen105
\Choice@toks=\toks15
\Field@toks=\toks16
Package hyperref Info: Hyper figures OFF on input line 2618.
Package hyperref Info: Link nesting OFF on input line 2623.
Package hyperref Info: Hyper index ON on input line 2626.
Package hyperref Info: backreferencing OFF on input line 2633.
Package hyperref Info: Link coloring ON on input line 2636.
\c@Item=\count91
\c@Hfootnote=\count92
)
*hyperref using default driver hpdftex*
(/usr/share/texmf/tex/latex/hyperref/hpdftex.def
File: hpdftex.def 2003/11/30 v6.74m Hyperref driver for pdfTeX

(/usr/share/texmf/tex/latex/psnfss/pifont.sty
Package: pifont 2004/09/15 PSNFSS-v9.2 Pi font support (SPQR) 
LaTeX Font Info:    Try loading font information for U+pzd on input line 63.

(/usr/share/texmf/tex/latex/psnfss/upzd.fd
File: upzd.fd 2001/06/04 font definitions for U/pzd.
)
LaTeX Font Info:    Try loading font information for U+psy on input line 64.

(/usr/share/texmf/tex/latex/psnfss/upsy.fd
File: upsy.fd 2001/06/04 font definitions for U/psy.
))
\Fld@listcount=\count93
\@outlinefile=\write3
)
(/usr/share/texmf/tex/latex/geometry/geometry.sty
Package: geometry 2002/07/08 v3.2 Page Geometry
\Gm@cnth=\count94
\Gm@cntv=\count95
\c@Gm@tempcnt=\count96
\Gm@bindingoffset=\dimen106
\Gm@wd@mp=\dimen107
\Gm@odd@mp=\dimen108
\Gm@even@mp=\dimen109
\Gm@dimlist=\toks17

(/usr/share/texmf/tex/latex/geometry/geometry.cfg))) (./LedgerSMB-manual.aux)
\openout1 = `LedgerSMB-manual.aux'.

LaTeX Font Info:    Checking defaults for OML/cmm/m/it on input line 9.
LaTeX Font Info:    ... okay on input line 9.
LaTeX Font Info:    Checking defaults for T1/cmr/m/n on input line 9.
LaTeX Font Info:    ... okay on input line 9.
LaTeX Font Info:    Checking defaults for OT1/cmr/m/n on input line 9.
LaTeX Font Info:    ... okay on input line 9.
LaTeX Font Info:    Checking defaults for OMS/cmsy/m/n on input line 9.
LaTeX Font Info:    ... okay on input line 9.
LaTeX Font Info:    Checking defaults for OMX/cmex/m/n on input line 9.
LaTeX Font Info:    ... okay on input line 9.
LaTeX Font Info:    Checking defaults for U/cmr/m/n on input line 9.
LaTeX Font Info:    ... okay on input line 9.
LaTeX Font Info:    Checking defaults for PD1/pdf/m/n on input line 9.
LaTeX Font Info:    ... okay on input line 9.
LaTeX Font Info:    Try loading font information for OT1+ppl on input line 9.

(/usr/share/texmf/tex/latex/psnfss/ot1ppl.fd
File: ot1ppl.fd 2001/06/04 font definitions for OT1/ppl.
)
(/usr/share/texmf/tex/context/base/supp-pdf.tex
(/usr/share/texmf/tex/context/base/supp-mis.tex
loading : Context Support Macros / Miscellaneous (2004.10.26)
\protectiondepth=\count97
\scratchcounter=\count98
\scratchtoks=\toks18
\scratchdimen=\dimen110
\scratchskip=\skip43
\scratchmuskip=\muskip11
\scratchbox=\box26
\scratchread=\read1
\scratchwrite=\write4
\zeropoint=\dimen111
\onepoint=\dimen112
\onebasepoint=\dimen113
\minusone=\count99
\thousandpoint=\dimen114
\onerealpoint=\dimen115
\emptytoks=\toks19
\nextbox=\box27
\nextdepth=\dimen116
\everyline=\toks20
\!!counta=\count100
\!!countb=\count101
\recursecounter=\count102
)
loading : Context Support Macros / PDF (2004.03.26)
\nofMPsegments=\count103
\nofMParguments=\count104
\MPscratchCnt=\count105
\MPscratchDim=\dimen117
\MPnumerator=\count106
\everyMPtoPDFconversion=\toks21
)
Package hyperref Info: Link coloring ON on input line 9.
 (/usr/share/texmf/tex/latex/hyperref/nameref.sty
Package: nameref 2003/12/03 v2.21 Cross-referencing by name of section
\c@section@level=\count107
)
LaTeX Info: Redefining \ref on input line 9.
LaTeX Info: Redefining \pageref on input line 9.
 (./LedgerSMB-manual.out)
(./LedgerSMB-manual.out)
\openout3 = `LedgerSMB-manual.out'.

-------------------- Geometry parameters
paper: class default
landscape: --
twocolumn: --
twoside: --
asymmetric: --
h-parts: 85.35826pt, 443.57848pt, 85.35826pt
v-parts: 85.35826pt, 624.25346pt, 85.35826pt
hmarginratio: --
vmarginratio: --
lines: --
heightrounded: --
bindingoffset: 0.0pt
truedimen: --
includehead: --
includefoot: --
includemp: --
driver: pdftex
-------------------- Page layout dimensions and switches
\paperwidth  614.295pt
\paperheight 794.96999pt
\textwidth  443.57848pt
\textheight 624.25346pt
\oddsidemargin  13.08827pt
\evensidemargin 13.08827pt
\topmargin  -23.91173pt
\headheight 12.0pt
\headsep    25.0pt
\footskip   30.0pt
\marginparwidth 65.0pt
\marginparsep   11.0pt
\columnsep  10.0pt
\skip\footins  9.0pt plus 4.0pt minus 2.0pt
\hoffset 0.0pt
\voffset 0.0pt
\mag 1000

(1in=72.27pt, 1cm=28.45pt)
-----------------------
LaTeX Font Info:    External font `cmex10' loaded for size
(Font)              <12> on input line 11.
LaTeX Font Info:    External font `cmex10' loaded for size
(Font)              <8> on input line 11.
LaTeX Font Info:    External font `cmex10' loaded for size
(Font)              <6> on input line 11.
LaTeX Font Info:    Try loading font information for OMS+ppl on input line 12.
 (/usr/share/texmf/tex/latex/psnfss/omsppl.fd
File: omsppl.fd 
)
LaTeX Font Info:    Font shape `OMS/ppl/m/n' in size <10> not available
(Font)              Font shape `OMS/cmsy/m/n' tried instead on input line 12.
LaTeX Font Info:    Font shape `OT1/ppl/bx/n' in size <14.4> not available
(Font)              Font shape `OT1/ppl/b/n' tried instead on input line 21.

(./LedgerSMB-manual.toc
LaTeX Font Info:    Font shape `OT1/ppl/bx/n' in size <12> not available
(Font)              Font shape `OT1/ppl/b/n' tried instead on input line 1.
LaTeX Font Info:    Font shape `OT1/ppl/bx/n' in size <10> not available
(Font)              Font shape `OT1/ppl/b/n' tried instead on input line 2.
LaTeX Font Info:    External font `cmex10' loaded for size
(Font)              <7> on input line 3.
LaTeX Font Info:    External font `cmex10' loaded for size
(Font)              <5> on input line 3.
 [1

{/usr/share/texmf-var/fonts/map/pdftex/updmap/pdftex.map}] [2] [3] [4] [5])
\tf@toc=\write5
\openout5 = `LedgerSMB-manual.toc'.

 (./LedgerSMB-manual.lof)
\tf@lof=\write6
\openout6 = `LedgerSMB-manual.lof'.

 [6]
LaTeX Font Info:    Font shape `OT1/ppl/bx/n' in size <20.74> not available
(Font)              Font shape `OT1/ppl/b/n' tried instead on input line 27.
 [7

] [8] [9] [10]
LaTeX Font Info:    Try loading font information for OML+ppl on input line 281.


(/usr/share/texmf/tex/latex/psnfss/omlppl.fd
File: omlppl.fd 
)
LaTeX Font Info:    Font shape `OML/ppl/m/n' in size <10> not available
(Font)              Font shape `OML/cmm/m/it' tried instead on input line 281.
 [11] [12] [13] [14] [15]
Overfull \hbox (4.69608pt too wide) in paragraph at lines 564--567
\OT1/ppl/m/n/10 Services in-clude any la-bor that is billed di-rectly to the cu
s-tomer. It is as-so-ci-ated with an ex-pense/COGS
 []

[16] [17] [18] [19] [20] [21] [22] (./simple_ar_dataflow.tex)
(./ar_workflow_ship.tex) (./ar_workflow_complex.tex)
Overfull \hbox (90.87096pt too wide) in paragraph at lines 58--1022
[][]
 []


Underfull \hbox (badness 10000) in paragraph at lines 58--1022

 []

[23] (./simple_ap_workflow.tex) (./ap_workflow_ship.tex) [24] [25] [26]
(./ap_workflow_complex.tex)
Overfull \hbox (90.87096pt too wide) in paragraph at lines 58--1085
[][]
 []


Underfull \hbox (badness 10000) in paragraph at lines 58--1085

 []

[27] [28] [29] [30] [31] [32] [33] [34] [35] [36]
Underfull \hbox (badness 10000) in paragraph at lines 1575--1578

 []

[37]
LaTeX Font Info:    Font shape `OT1/ppl/bx/n' in size <8> not available
(Font)              Font shape `OT1/ppl/b/n' tried instead on input line 1622.
LaTeX Font Info:    Font shape `OT1/ppl/bx/n' in size <7> not available
(Font)              Font shape `OT1/ppl/b/n' tried instead on input line 1649.
 [38] [39] [40] (./sl-stack.latex) [41

] [42]
Overfull \hbox (3.85573pt too wide) in paragraph at lines 1886--1889
[]\OT1/ppl/m/n/10 The css di-rec-tory in the root in-stall di-rec-tory con-tain
s CSS doc-u-ments to pro-vide var-i-ous stylesheets
 []

[43] [44] [45] [46] [47] [48]
Overfull \hbox (8.30463pt too wide) in paragraph at lines 2199--2204
\OT1/ppl/m/n/10 The $form ob-ject pro-vides two meth-ods for ac-cess-ing the da
tabase. The $form-\OML/cmm/m/it/10 >\OT1/ppl/m/n/10 dbconnect(%myconfig)
 []


Overfull \hbox (40.74406pt too wide) in paragraph at lines 2199--2204
\OT1/ppl/m/n/10 method com-mits each in-di-vid-ual state-ment as its own trans-
ac-tion. The $form-\OML/cmm/m/it/10 >\OT1/ppl/m/n/10 dbconnect[]noauto(%myconfi
g)
 []


Overfull \hbox (22.09676pt too wide) in paragraph at lines 2242--2245
[]\OT1/ppl/m/n/10 This patch is part of SL-POS which can be down-loaded at [][]
$http : / / www . metatrontech . com / downloads /
 []

[49]
Overfull \hbox (0.46722pt too wide) in paragraph at lines 2257--2260
[]\OT1/ppl/m/n/10 We also main-tain a com-mu-nity wiki with more in-for-ma-tion
 in-clud-ing pro-gram-ming, cus-tomiza-
 []


Overfull \hbox (33.91649pt too wide) in paragraph at lines 2257--2260
\OT1/ppl/m/n/10 tion, and links to other sites. The wiki can be found at [][]$h
ttp : / / www . metatrontech . com / ledger-[]smb-[]wiki$[][] 
 []

[50

] [51] [52] (./fdl.tex

Package hyperref Warning: The anchor of a bookmark and its parent's must not
(hyperref)                be the same. Added a new anchor on input line 51.

[53] [54] [55] [56] [57]) [58] (./LedgerSMB-manual.aux) ) 
Here is how much of TeX's memory you used:
 3435 strings out of 94500
 47717 string characters out of 1176766
 97275 words of memory out of 1000000
 6261 multiletter control sequences out of 10000+50000
 21141 words of font info for 52 fonts, out of 500000 for 2000
 580 hyphenation exceptions out of 1000
 34i,9n,36p,285b,268s stack positions out of 1500i,500n,5000p,200000b,5000s
PDF statistics:
 1424 PDF objects out of 300000
 297 named destinations out of 131072
 1817 words of extra memory for PDF output out of 65536
</usr/share/texmf/font
s/type1/bluesky/latex/line10.pfb></usr/share/texmf/fonts/type1/bluesky/cm/cmmi1
0.pfb>{/usr/share/texmf/fonts/enc/dvips/psnfss/8r.enc}</usr/share/texmf/fonts/t
ype1/urw/palatino/uplb8a.pfb></usr/share/texmf/fonts/type1/bluesky/cm/cmsy10.pf
b></usr/share/texmf/fonts/type1/urw/palatino/uplr8a.pfb>
Output written on LedgerSMB-manual.pdf (58 pages, 356344 bytes).
