This is pdfeTeX, Version 3.141592-1.21a-2.2 (Web2C 7.5.4) (format=latex 2007.1.7)  26 MAR 2007 00:18
entering extended mode
**\makeatletter\def\HCode{\futurelet\HCode\HChar}\def\HChar{\ifx"\HCode\def\HCo
de"##1"{\Link##1}\expandafter\HCode\else\expandafter\Link\fi}\def\Link#1.a.b.c.
{\g@addto@macro\@documentclasshook{\RequirePackage[#1,xhtml,docbook]{tex4ht}}\l
et\HCode\documentstyle\def\documentstyle{\let\documentstyle\HCode\expandafter\d
ef\csname tex4ht\endcsname{#1,xhtml,docbook}\def\HCode####1{\documentstyle[tex4
ht,}\@ifnextchar[{\HCode}{\documentstyle[tex4ht]}}}\makeatother\HCode .a.b.c.\i
nput  LedgerSMB-manual.tex
(./LedgerSMB-manual.tex (/usr/share/texmf/tex/latex/base/article.cls
Document Class: article 2004/02/16 v1.4f Standard LaTeX document class
(/usr/share/texmf/tex/latex/base/size10.clo
File: size10.clo 2004/02/16 v1.4f Standard LaTeX file (size option)
)
\c@part=\count79
\c@section=\count80
\c@subsection=\count81
\c@subsubsection=\count82
\c@paragraph=\count83
\c@subparagraph=\count84
\c@figure=\count85
\c@table=\count86
\abovecaptionskip=\skip41
\belowcaptionskip=\skip42
\bibindent=\dimen102
)
(/usr/share/texmf/tex/generic/tex4ht/tex4ht.sty
version 2006-01-19-00:46
Package: tex4ht 
--------------------------------------
--- Note --- for _ at preamble, use the command line option `early_'
--------------------------------------
--------------------------------------
--- Note --- for ^ at preamble, use the command line option `early^'
--------------------------------------
)
(/usr/share/texmf/tex/generic/tex4ht/usepackage.4ht
version 2006-03-27-18:14
)
(/usr/share/texmf/tex/latex/base/fontenc.sty
Package: fontenc 2004/02/22 v1.99f Standard LaTeX package

(/usr/share/texmf/tex/latex/base/t1enc.def
File: t1enc.def 2004/02/22 v1.99f Standard LaTeX file
LaTeX Font Info:    Redeclaring font encoding T1 on input line 43.
))
(/usr/share/texmf/tex/latex/base/inputenc.sty
Package: inputenc 2004/02/05 v1.0d Input encoding file

(/usr/share/texmf/tex/latex/base/latin1.def
File: latin1.def 2004/02/05 v1.0d Input encoding file
))
(/usr/share/texmf/tex/latex/url/url.sty
\Urlmuskip=\muskip10
Package: url 2004/03/15  ver 3.1  Verb mode for urls, etc.
) (./metatron.sty
Package: metatron 

(/usr/share/texmf/tex/latex/psnfss/palatino.sty
Package: palatino 2004/09/15 PSNFSS-v9.2 (SPQR) 
)
(/usr/share/texmf/tex/latex/graphics/color.sty
Package: color 1999/02/16 v1.0i Standard LaTeX Color (DPC)

(/usr/share/texmf/tex/latex/graphics/color.cfg
File: color.cfg 2005/02/03 v1.3 color configuration of teTeX/TeXLive
)
Package color Info: Driver file: dvips.def on input line 125.

(/usr/share/texmf/tex/latex/graphics/dvips.def
File: dvips.def 1999/02/16 v3.0i Driver-dependant file (DPC,SPQR)
)
(/usr/share/texmf/tex/latex/graphics/dvipsnam.def
File: dvipsnam.def 1999/02/16 v3.0i Driver-dependant file (DPC,SPQR)
))
(/usr/share/texmf/tex/latex/hyperref/hyperref.sty
Package: hyperref 2003/11/30 v6.74m Hypertext links for LaTeX

(/usr/share/texmf/tex/latex/graphics/keyval.sty
Package: keyval 1999/03/16 v1.13 key=value parser (DPC)
\KV@toks@=\toks14
)
\@linkdim=\dimen103
\Hy@linkcounter=\count87
\Hy@pagecounter=\count88

(/usr/share/texmf/tex/latex/hyperref/pd1enc.def
File: pd1enc.def 2003/11/30 v6.74m Hyperref: PDFDocEncoding definition (HO)
)
(/usr/share/texmf/tex/latex/hyperref/hyperref.cfg
File: hyperref.cfg 2002/06/06 v1.2 hyperref configuration of TeXLive and teTeX
)
Package hyperref Info: Option `colorlinks' set `true' on input line 1830.
Package hyperref Info: Option `colorlinks' set `true' on input line 1830.
Package hyperref Info: Hyper figures OFF on input line 1880.
Package hyperref Info: Link nesting OFF on input line 1885.
Package hyperref Info: Hyper index ON on input line 1888.
Package hyperref Info: Plain pages ON on input line 1893.
Package hyperref Info: Backreferencing OFF on input line 1900.

Implicit mode ON; LaTeX internals redefined
Package hyperref Info: Bookmarks ON on input line 2004.
LaTeX Info: Redefining \url on input line 2143.
\Fld@menulength=\count89
\Field@Width=\dimen104
\Fld@charsize=\dimen105
\Choice@toks=\toks15
\Field@toks=\toks16
Package hyperref Info: Hyper figures OFF on input line 2618.
Package hyperref Info: Link nesting OFF on input line 2623.
Package hyperref Info: Hyper index ON on input line 2626.
Package hyperref Info: backreferencing OFF on input line 2633.
Package hyperref Info: Link coloring ON on input line 2636.
Hyperref stopped early
)
*hyperref using driver htex4ht*
(/usr/share/texmf/tex/latex/hyperref/htex4ht.def
File: htex4ht.def 2003/11/30 v6.74m Hyperref driver for TeX4ht

hyperref tex4ht: tex4ht already loaded
) (/usr/share/texmf/tex/latex/geometry/geometry.sty
Package: geometry 2002/07/08 v3.2 Page Geometry
\Gm@cnth=\count90
\Gm@cntv=\count91
\c@Gm@tempcnt=\count92
\Gm@bindingoffset=\dimen106
\Gm@wd@mp=\dimen107
\Gm@odd@mp=\dimen108
\Gm@even@mp=\dimen109
\Gm@dimlist=\toks17

(/usr/share/texmf/tex/latex/geometry/geometry.cfg)))
(/usr/share/texmf/tex/generic/babel/babel.sty
Package: babel 2004/11/20 v3.8d The Babel package

(/usr/share/texmf/tex/generic/babel/english.ldf
Language: english 2004/06/14 v3.3o English support from the babel system

(/usr/share/texmf/tex/generic/babel/babel.def
File: babel.def 2004/11/20 v3.8d Babel common definitions
\babel@savecnt=\count93
\U@D=\dimen110
)
\l@british = a dialect from \language\l@english 
\l@UKenglish = a dialect from \language\l@english 
\l@canadian = a dialect from \language\l@american 
\l@australian = a dialect from \language\l@british 
\l@newzealand = a dialect from \language\l@british 
))
(/usr/share/texmf/tex/generic/tex4ht/tex4ht.4ht
version 2006-02-22-12:25
--------------------------------------
--- Note --- for additional information, use the command line option `info'
--------------------------------------

::::::::::::::::::::::::::::::::::::::::::
 TeX4ht info is available in the log file 
::::::::::::::::::::::::::::::::::::::::::
) (/usr/share/texmf/tex/generic/tex4ht/tex4ht.sty
version 2006-01-19-00:46

--- needs --- tex4ht LedgerSMB-manual ---
\tmp:cnt=\count94
\openout15 = `LedgerSMB-manual.tmp'.

(./LedgerSMB-manual.tmp)
\tmp:toks=\toks18
\tmp:dim=\skip43
 (./LedgerSMB-manual.xref)
\:refout=\write3
\openout3 = `LedgerSMB-manual.xref'.


(/usr/share/texmf/tex/generic/tex4ht/docbook.4ht
version 2006-03-12-15:31
)
(/usr/share/texmf/tex/generic/tex4ht/unicode.4ht
version 2006-03-27-13:41
)
(/usr/share/texmf/tex/generic/tex4ht/docbook-math.4ht
version 2006-03-12-15:31
)
--------------------------------------
--- Note --- for marking of the base font, use the command line option `fonts+'

--------------------------------------
--------------------------------------
--- Note --- for non active _, use the command line option `no_'
--------------------------------------
--------------------------------------
--- Note --- for _ of catcode 13, use the command line option `_13'
--------------------------------------
--------------------------------------
--- Note --- for non active ^, use the command line option `no^'
--------------------------------------
--------------------------------------
--- Note --- for ^ of catcode 13, use the command line option `^13'
--------------------------------------

(/usr/share/texmf/tex/generic/tex4ht/docbook.4ht
version 2006-03-12-15:31
)
(/usr/share/texmf/tex/generic/tex4ht/unicode.4ht
version 2006-03-27-13:41
)
(/usr/share/texmf/tex/generic/tex4ht/docbook-math.4ht
version 2006-03-12-15:31
)
\:tokwrite=\toks19
\:tokpage=\toks20
--------------------------------------
--- Note --- for back links to toc, use the command line option `sections+'
--------------------------------------
--------------------------------------
--- Note --- for linear crosslinks of pages, use the command line option `next'

--------------------------------------
\openout15 = `LedgerSMB-manual.4ct'.

\:tocout=\write4
\openout4 = `LedgerSMB-manual.4tc'.


(/usr/share/texmf/tex/generic/tex4ht/docbook.4ht
version 2006-03-12-15:31
)
(/usr/share/texmf/tex/generic/tex4ht/unicode.4ht
version 2006-03-27-13:41
)
(/usr/share/texmf/tex/generic/tex4ht/docbook-math.4ht
version 2006-03-12-15:31
)
(/usr/share/texmf/tex/generic/tex4ht/latex.4ht
version 2006-03-27-18:14

(/usr/share/texmf/tex/generic/tex4ht/docbook.4ht
version 2006-03-12-15:31
\tmp:bx=\box26
)
(/usr/share/texmf/tex/generic/tex4ht/unicode.4ht
version 2006-03-27-13:41
)
(/usr/share/texmf/tex/generic/tex4ht/docbook-math.4ht
version 2006-03-12-15:31
))
(/usr/share/texmf/tex/generic/tex4ht/fontmath.4ht
version 2006-03-27-18:14

(/usr/share/texmf/tex/generic/tex4ht/docbook.4ht
version 2006-03-12-15:31
)
(/usr/share/texmf/tex/generic/tex4ht/unicode.4ht
version 2006-03-27-13:41
)
(/usr/share/texmf/tex/generic/tex4ht/docbook-math.4ht
version 2006-03-12-15:31
))
(/usr/share/texmf/tex/generic/tex4ht/article.4ht
version 2006-03-27-18:14

(/usr/share/texmf/tex/generic/tex4ht/docbook.4ht
version 2006-03-12-15:31
TeX4ht package options: xhtml,docbook,refcaption
)
(/usr/share/texmf/tex/generic/tex4ht/unicode.4ht
version 2006-03-27-13:41
)
(/usr/share/texmf/tex/generic/tex4ht/docbook-math.4ht
version 2006-03-12-15:31
))
(/usr/share/texmf/tex/generic/tex4ht/inputenc.4ht
version 2006-03-27-18:14

(/usr/share/texmf/tex/generic/tex4ht/docbook.4ht
version 2006-03-12-15:31
)
(/usr/share/texmf/tex/generic/tex4ht/unicode.4ht
version 2006-03-27-13:41
)
(/usr/share/texmf/tex/generic/tex4ht/docbook-math.4ht
version 2006-03-12-15:31
))
(/usr/share/texmf/tex/generic/tex4ht/latin1.4ht
version 2006-03-27-18:14

(/usr/share/texmf/tex/generic/tex4ht/docbook.4ht
version 2006-03-12-15:31
)
(/usr/share/texmf/tex/generic/tex4ht/unicode.4ht
version 2006-03-27-13:41
)
(/usr/share/texmf/tex/generic/tex4ht/docbook-math.4ht
version 2006-03-12-15:31
))
(/usr/share/texmf/tex/generic/tex4ht/url.4ht
version 2006-03-27-18:14

(/usr/share/texmf/tex/generic/tex4ht/docbook.4ht
version 2006-03-12-15:31
)
(/usr/share/texmf/tex/generic/tex4ht/unicode.4ht
version 2006-03-27-13:41
)
(/usr/share/texmf/tex/generic/tex4ht/docbook-math.4ht
version 2006-03-12-15:31
))
(/usr/share/texmf/tex/generic/tex4ht/color.4ht
version 2006-03-27-18:14

(/usr/share/texmf/tex/generic/tex4ht/docbook.4ht
version 2006-03-12-15:31
)
(/usr/share/texmf/tex/generic/tex4ht/unicode.4ht
version 2006-03-27-13:41
)
(/usr/share/texmf/tex/generic/tex4ht/docbook-math.4ht
version 2006-03-12-15:31
))
(/usr/share/texmf/tex/generic/tex4ht/dvips.4ht
version 2006-03-27-18:14

(/usr/share/texmf/tex/generic/tex4ht/docbook.4ht
version 2006-03-12-15:31
)
(/usr/share/texmf/tex/generic/tex4ht/unicode.4ht
version 2006-03-27-13:41
)
(/usr/share/texmf/tex/generic/tex4ht/docbook-math.4ht
version 2006-03-12-15:31
))
(/usr/share/texmf/tex/generic/tex4ht/dvipsnam.4ht
version 2006-03-27-18:14

(/usr/share/texmf/tex/latex/graphics/dvipsnam.def)
(/usr/share/texmf/tex/generic/tex4ht/docbook.4ht
version 2006-03-12-15:31
)
(/usr/share/texmf/tex/generic/tex4ht/unicode.4ht
version 2006-03-27-13:41
)
(/usr/share/texmf/tex/generic/tex4ht/docbook-math.4ht
version 2006-03-12-15:31
))
(/usr/share/texmf/tex/generic/tex4ht/hyperref.4ht
version 2006-03-27-18:14

l.287 --- TeX4ht warning --- \href of hyperref.sty introduces the prefix `file:
' to prefix-free references. The command \hyperlinkfileprefix{...} may be used 
for changing the prefix (probably \hyperlinkfileprefix{}). ---
(/usr/share/texmf/tex/generic/tex4ht/docbook.4ht
version 2006-03-12-15:31
)
(/usr/share/texmf/tex/generic/tex4ht/unicode.4ht
version 2006-03-27-13:41
)
(/usr/share/texmf/tex/generic/tex4ht/docbook-math.4ht
version 2006-03-12-15:31
))
(/usr/share/texmf/tex/generic/tex4ht/pd1enc.4ht
version 2006-03-27-18:14

(/usr/share/texmf/tex/generic/tex4ht/docbook.4ht
version 2006-03-12-15:31
)
(/usr/share/texmf/tex/generic/tex4ht/unicode.4ht
version 2006-03-27-13:41
)
(/usr/share/texmf/tex/generic/tex4ht/docbook-math.4ht
version 2006-03-12-15:31
))
(/usr/share/texmf/tex/generic/tex4ht/babel.4ht
version 2006-03-27-18:14

(/usr/share/texmf/tex/generic/tex4ht/docbook.4ht
version 2006-03-12-15:31
)
(/usr/share/texmf/tex/generic/tex4ht/unicode.4ht
version 2006-03-27-13:41
)
(/usr/share/texmf/tex/generic/tex4ht/docbook-math.4ht
version 2006-03-12-15:31
))
(/usr/share/texmf/tex/generic/tex4ht/english.4ht
version 2006-03-27-18:14

(/usr/share/texmf/tex/generic/tex4ht/docbook.4ht
version 2006-03-12-15:31
)
(/usr/share/texmf/tex/generic/tex4ht/unicode.4ht
version 2006-03-27-13:41
)
(/usr/share/texmf/tex/generic/tex4ht/docbook-math.4ht
version 2006-03-12-15:31
))
(/usr/share/texmf/tex/generic/tex4ht/docbook.4ht
version 2006-03-12-15:31
)
(/usr/share/texmf/tex/generic/tex4ht/unicode.4ht
version 2006-03-27-13:41
)
(/usr/share/texmf/tex/generic/tex4ht/docbook-math.4ht
version 2006-03-12-15:31
)) (./LedgerSMB-manual.aux)
\openout1 = `LedgerSMB-manual.aux'.

LaTeX Font Info:    Checking defaults for OML/cmm/m/it on input line 32.
LaTeX Font Info:    ... okay on input line 32.
LaTeX Font Info:    Checking defaults for T1/cmr/m/n on input line 32.
LaTeX Font Info:    ... okay on input line 32.
LaTeX Font Info:    Checking defaults for OT1/cmr/m/n on input line 32.
LaTeX Font Info:    ... okay on input line 32.
LaTeX Font Info:    Checking defaults for OMS/cmsy/m/n on input line 32.
LaTeX Font Info:    ... okay on input line 32.
LaTeX Font Info:    Checking defaults for OMX/cmex/m/n on input line 32.
LaTeX Font Info:    ... okay on input line 32.
LaTeX Font Info:    Checking defaults for U/cmr/m/n on input line 32.
LaTeX Font Info:    ... okay on input line 32.
LaTeX Font Info:    Checking defaults for PD1/pdf/m/n on input line 32.
LaTeX Font Info:    ... okay on input line 32.
LaTeX Font Info:    Try loading font information for T1+ppl on input line 32.
 (/usr/share/texmf/tex/latex/psnfss/t1ppl.fd
File: t1ppl.fd 2001/06/04 font definitions for T1/ppl.
)
Package hyperref Info: Link coloring ON on input line 32.
LaTeX Info: Redefining \ref on input line 32.
LaTeX Info: Redefining \pageref on input line 32.
-------------------- Geometry parameters
paper: class default
landscape: --
twocolumn: --
twoside: --
asymmetric: --
h-parts: 85.35826pt, 443.57848pt, 85.35826pt
v-parts: 85.35826pt, 624.25346pt, 85.35826pt
hmarginratio: --
vmarginratio: --
lines: --
heightrounded: --
bindingoffset: 0.0pt
truedimen: --
includehead: --
includefoot: --
includemp: --
driver: 
-------------------- Page layout dimensions and switches
\paperwidth  614.295pt
\paperheight 794.96999pt
\textwidth  443.57848pt
\textheight 624.25346pt
\oddsidemargin  0.0pt
\evensidemargin 0.0pt
\topmargin  -23.91173pt
\headheight 12.0pt
\headsep    25.0pt
\footskip   30.0pt
\marginparwidth 65.0pt
\marginparsep   11.0pt
\columnsep  10.0pt
\skip\footins  9.0pt plus 4.0pt minus 2.0pt
\hoffset 0.0pt
\voffset 0.0pt
\mag 1000

(1in=72.27pt, 1cm=28.45pt)
-----------------------
--- file LedgerSMB-manual.css ---
 [1

] [2]
LaTeX Font Info:    External font `cmex10' loaded for size
(Font)              <12> on input line 33.
LaTeX Font Info:    External font `cmex10' loaded for size
(Font)              <8> on input line 33.
LaTeX Font Info:    External font `cmex10' loaded for size
(Font)              <6> on input line 33.
LaTeX Font Info:    Try loading font information for OMS+ppl on input line 34.

(/usr/share/texmf/tex/latex/psnfss/omsppl.fd
File: omsppl.fd 
)
LaTeX Font Info:    Font shape `OMS/ppl/m/n' in size <10> not available
(Font)              Font shape `OMS/cmsy/m/n' tried instead on input line 34.
LaTeX Font Info:    Font shape `T1/ppl/bx/n' in size <14.4> not available
(Font)              Font shape `T1/ppl/b/n' tried instead on input line 42.
LaTeX Font Info:    Try loading font information for T1+pcr on input line 42.

(/usr/share/texmf/tex/latex/psnfss/t1pcr.fd
File: t1pcr.fd 2001/06/04 font definitions for T1/pcr.
) (./LedgerSMB-manual.4ct [3])
(./LedgerSMB-manual.4ct [4]) [5]
LaTeX Font Info:    Font shape `T1/ppl/bx/n' in size <12> not available
(Font)              Font shape `T1/ppl/b/n' tried instead on input line 56.
LaTeX Font Info:    Font shape `T1/ppl/bx/n' in size <10> not available
(Font)              Font shape `T1/ppl/b/n' tried instead on input line 59.
 [6

] [7] [8] [9] [10] [11] [12] [13] [14]
[15] [16] [17] [18] [19]
LaTeX Font Info:    External font `cmex10' loaded for size
(Font)              <7> on input line 530.
LaTeX Font Info:    External font `cmex10' loaded for size
(Font)              <5> on input line 530.
l. 530 Writing LedgerSMB-manual.idv[1] (LedgerSMB-manual0x.png)
l. 530 Writing LedgerSMB-manual.idv[2] (LedgerSMB-manual1x.png)
 [20] [21] [22]
l. 719 Writing LedgerSMB-manual.idv[3] (LedgerSMB-manual2x.png)
 [23]
l. 757 Writing LedgerSMB-manual.idv[4] (LedgerSMB-manual3x.png)
l. 757 Writing LedgerSMB-manual.idv[5] (LedgerSMB-manual4x.png)
 [24] [25] [26] [27] [28] [29]
[30] [31] [32] [33] [34] [35] [36

] (./simple_ar_dataflow.tex) [37

] [38

]
[39

] (./ar_workflow_ship.tex) [40

] [41

] [42

] (./ar_workflow_complex.tex)
[43

] [44

] [45

] (./simple_ap_workflow.tex) [46

] [47

] [48

]
(./ap_workflow_ship.tex) [49

] [50

] [51

] (./ap_workflow_complex.tex) [52

]
[53

] [54] [55] [56] [57] [58] [59

] [60

]
l. 1872 Writing LedgerSMB-manual.idv[6] (LedgerSMB-manual5x.png)
l. 1892 Writing LedgerSMB-manual.idv[7] (LedgerSMB-manual6x.png)
 [61

] [62] [63] [64] [65] [66] [67]
[68] [69] [70] [71] [72] [73] [74] [75] [76] [77] [78] [79

] [80

]
(./sl-stack.tex) [81

] [82

] [83] [84] [85] [86] [87] [88] [89]
l. 3150 Writing LedgerSMB-manual.idv[8] (LedgerSMB-manual7x.png)
l. 3151 Writing LedgerSMB-manual.idv[9] (LedgerSMB-manual8x.png)
l. 3152 Writing LedgerSMB-manual.idv[10] (LedgerSMB-manual9x.png)
l. 3152 Writing LedgerSMB-manual.idv[11] (LedgerSMB-manual10x.png)
l. 3185 Writing LedgerSMB-manual.idv[12] (LedgerSMB-manual11x.png)
l. 3185 Writing LedgerSMB-manual.idv[13] (LedgerSMB-manual12x.png)
 [90] [91]
[92

] [93]
l. 3330 Writing LedgerSMB-manual.idv[14] (LedgerSMB-manual13x.png)
 [94] [95] [96] (./fdl.tex [97] [98] [99] [100] [101] [102] [103])
[104] (./LedgerSMB-manual.aux) ) 
Here is how much of TeX's memory you used:
 6847 strings out of 94501
 85314 string characters out of 1176790
 196373 words of memory out of 1000000
 9835 multiletter control sequences out of 10000+50000
 15567 words of font info for 34 fonts, out of 500000 for 2000
 580 hyphenation exceptions out of 1000
 33i,7n,40p,751b,752s stack positions out of 1500i,500n,5000p,200000b,5000s

Output written on LedgerSMB-manual.dvi (104 pages, 391068 bytes).
